<?xml version="1.0" encoding="UTF-8"?>
<!-- Generated by org.testng.reporters.JUnitXMLReporter -->
<testsuite hostname="SUBASH" ignored="0" name="t" tests="7" failures="0" timestamp="21 Nov 2018 11:16:33 GMT" time="21.621" errors="0">
  <testcase name="closebrowser" time="0.031" classname="com.pack1.SampleTest1"/>
  <testcase name="launchbrowser" time="0.0" classname="com.pack1.SampleTest1"/>
  <testcase name="login" time="0.0" classname="com.pack1.SampleTest1"/>
  <testcase name="password" time="0.0" classname="com.pack1.SampleTest1"/>
  <testcase name="testcase1" time="0.0" classname="com.pack1.SampleTest2"/>
  <testcase name="testcase2" time="0.0" classname="com.pack2.SampleTest3"/>
  <testcase name="launchbrowser" time="21.479" classname="com.pack3.SampleTest4"/>
</testsuite> <!-- t -->
