<?xml version="1.0" encoding="UTF-8"?>
<!-- Generated by org.testng.reporters.JUnitXMLReporter -->
<testsuite hostname="SUBASH" ignored="0" name="retryanalyzertest" tests="3" failures="0" timestamp="22 Dec 2018 05:22:04 GMT" time="0.166" errors="0">
  <testcase name="@AfterMethod tearDown" time="0.001" classname="com.retryanalizertest.MyTest">
    <failure type="java.lang.CloneNotSupportedException" message="com.retryanalizertest.MyTest">
      <![CDATA[java.lang.CloneNotSupportedException: com.retryanalizertest.MyTest
at java.lang.Object.clone(Native Method)
at com.retryanalizertest.MyTest.tearDown(MyTest.java:68)
... Removed 28 stack frames]]>
    </failure>
  </testcase> <!-- @AfterMethod tearDown -->
  <testcase name="@BeforeMethod init" time="0.0" classname="com.retryanalizertest.MyTest">
    <skipped/>
  </testcase> <!-- @BeforeMethod init -->
  <testcase name="@AfterMethod tearDown" time="0.0" classname="com.retryanalizertest.MyTest">
    <skipped/>
  </testcase> <!-- @AfterMethod tearDown -->
  <testcase name="@BeforeMethod init" time="0.0" classname="com.retryanalizertest.MyTest">
    <skipped/>
  </testcase> <!-- @BeforeMethod init -->
  <testcase name="@AfterMethod tearDown" time="0.0" classname="com.retryanalizertest.MyTest">
    <skipped/>
  </testcase> <!-- @AfterMethod tearDown -->
  <testcase name="loginTest" time="0.016" classname="com.retryanalizertest.MyTest"/>
  <testcase name="homwPage" time="0.0" classname="com.retryanalizertest.MyTest">
    <skipped/>
  </testcase> <!-- homwPage -->
  <testcase name="logoutTest" time="0.0" classname="com.retryanalizertest.MyTest">
    <skipped/>
  </testcase> <!-- logoutTest -->
</testsuite> <!-- retryanalyzertest -->
