<?xml version="1.0" encoding="UTF-8"?>
<!-- Generated by org.testng.reporters.JUnitXMLReporter -->
<testsuite hostname="SUBASH" ignored="0" name="t" tests="5" failures="0" timestamp="20 Nov 2018 11:52:21 GMT" time="25.524" errors="0">
  <testcase name="clickonlogin" time="0.033" classname="com.pack1.FirstTest"/>
  <testcase name="enterusername" time="0.003" classname="com.pack1.FirstTest"/>
  <testcase name="entervalidpassword" time="0.004" classname="com.pack1.FirstTest"/>
  <testcase name="launchbrowser" time="0.015" classname="com.pack1.FirstTest"/>
  <testcase name="launchbrowser" time="25.366" classname="com.pack2.LaunchBrowserTest"/>
</testsuite> <!-- t -->
