<?xml version="1.0" encoding="UTF-8"?>
<!-- Generated by org.testng.reporters.JUnitXMLReporter -->
<testsuite hostname="SUBASH" ignored="0" name="Default test" tests="3" failures="0" timestamp="04 Dec 2018 09:12:29 GMT" time="108.832" errors="0">
  <testcase name="checkinpageTilte" time="0.103" classname="com.qa.tests.LoginPageTest"/>
  <testcase name="checklogoimage" time="0.193" classname="com.qa.tests.LoginPageTest"/>
  <testcase name="loginTest" time="37.37" classname="com.qa.tests.LoginPageTest"/>
</testsuite> <!-- Default test -->
