<?xml version="1.0" encoding="UTF-8"?>
<testng-results skipped="0" failed="0" ignored="0" total="1" passed="1">
  <reporter-output>
  </reporter-output>
  <suite name="Default suite" duration-ms="50301" started-at="2018-12-18T07:53:49Z" finished-at="2018-12-18T07:54:39Z">
    <groups>
    </groups>
    <test name="Default test" duration-ms="50301" started-at="2018-12-18T07:53:49Z" finished-at="2018-12-18T07:54:39Z">
      <class name="com.rediffmail.UploadFileTest">
        <test-method status="PASS" signature="frame()[pri:0, instance:com.rediffmail.UploadFileTest@3c756e4d]" name="frame" duration-ms="50213" started-at="2018-12-18T07:53:49Z" finished-at="2018-12-18T07:54:39Z">
          <reporter-output>
          </reporter-output>
        </test-method> <!-- frame -->
      </class> <!-- com.rediffmail.UploadFileTest -->
    </test> <!-- Default test -->
  </suite> <!-- Default suite -->
</testng-results>
