<?xml version="1.0" encoding="UTF-8"?>
<testng-results skipped="0" failed="0" ignored="0" total="1" passed="1">
  <reporter-output>
  </reporter-output>
  <suite name="Default suite" duration-ms="13997" started-at="2018-11-20T05:41:15Z" finished-at="2018-11-20T05:41:29Z">
    <groups>
    </groups>
    <test name="Default test" duration-ms="13997" started-at="2018-11-20T05:41:15Z" finished-at="2018-11-20T05:41:29Z">
      <class name="com.pack1.MyFirstSeleniumSample">
        <test-method status="PASS" signature="launchbrowser()[pri:0, instance:com.pack1.MyFirstSeleniumSample@3c756e4d]" name="launchbrowser" duration-ms="13950" started-at="2018-11-20T05:41:15Z" finished-at="2018-11-20T05:41:29Z">
          <reporter-output>
          </reporter-output>
        </test-method> <!-- launchbrowser -->
      </class> <!-- com.pack1.MyFirstSeleniumSample -->
    </test> <!-- Default test -->
  </suite> <!-- Default suite -->
</testng-results>
