<?xml version="1.0" encoding="UTF-8"?>
<testng-results skipped="0" failed="0" ignored="0" total="1" passed="1">
  <reporter-output>
  </reporter-output>
  <suite name="Default suite" duration-ms="25651" started-at="2018-12-18T19:45:06Z" finished-at="2018-12-18T19:45:32Z">
    <groups>
    </groups>
    <test name="Default test" duration-ms="25651" started-at="2018-12-18T19:45:06Z" finished-at="2018-12-18T19:45:32Z">
      <class name="com.Data.ReadingDataFromExcelFile1">
        <test-method status="PASS" signature="init()[pri:0, instance:com.Data.ReadingDataFromExcelFile1@47c62251]" name="init" duration-ms="25593" started-at="2018-12-18T19:45:06Z" finished-at="2018-12-18T19:45:32Z">
          <reporter-output>
          </reporter-output>
        </test-method> <!-- init -->
      </class> <!-- com.Data.ReadingDataFromExcelFile1 -->
    </test> <!-- Default test -->
  </suite> <!-- Default suite -->
</testng-results>
