<?xml version="1.0" encoding="UTF-8"?>
<testng-results skipped="0" failed="0" ignored="0" total="3" passed="3">
  <reporter-output>
  </reporter-output>
  <suite name="Default suite" duration-ms="108832" started-at="2018-12-04T09:10:39Z" finished-at="2018-12-04T09:12:28Z">
    <groups>
    </groups>
    <test name="Default test" duration-ms="108832" started-at="2018-12-04T09:10:39Z" finished-at="2018-12-04T09:12:28Z">
      <class name="com.qa.tests.LoginPageTest">
        <test-method status="PASS" signature="setup()[pri:0, instance:com.qa.tests.LoginPageTest@8bd1b6a]" name="setup" is-config="true" duration-ms="27900" started-at="2018-12-04T09:10:39Z" finished-at="2018-12-04T09:11:07Z">
          <reporter-output>
          </reporter-output>
        </test-method> <!-- setup -->
        <test-method status="PASS" signature="checkinpageTilte()[pri:1, instance:com.qa.tests.LoginPageTest@8bd1b6a]" name="checkinpageTilte" duration-ms="103" started-at="2018-12-04T09:11:07Z" finished-at="2018-12-04T09:11:07Z">
          <reporter-output>
          </reporter-output>
        </test-method> <!-- checkinpageTilte -->
        <test-method status="PASS" signature="teardown()[pri:0, instance:com.qa.tests.LoginPageTest@8bd1b6a]" name="teardown" is-config="true" duration-ms="1022" started-at="2018-12-04T09:11:07Z" finished-at="2018-12-04T09:11:08Z">
          <reporter-output>
          </reporter-output>
        </test-method> <!-- teardown -->
        <test-method status="PASS" signature="setup()[pri:0, instance:com.qa.tests.LoginPageTest@8bd1b6a]" name="setup" is-config="true" duration-ms="14616" started-at="2018-12-04T09:11:08Z" finished-at="2018-12-04T09:11:23Z">
          <reporter-output>
          </reporter-output>
        </test-method> <!-- setup -->
        <test-method status="PASS" signature="checklogoimage()[pri:2, instance:com.qa.tests.LoginPageTest@8bd1b6a]" name="checklogoimage" duration-ms="193" started-at="2018-12-04T09:11:23Z" finished-at="2018-12-04T09:11:23Z">
          <reporter-output>
          </reporter-output>
        </test-method> <!-- checklogoimage -->
        <test-method status="PASS" signature="teardown()[pri:0, instance:com.qa.tests.LoginPageTest@8bd1b6a]" name="teardown" is-config="true" duration-ms="1403" started-at="2018-12-04T09:11:23Z" finished-at="2018-12-04T09:11:25Z">
          <reporter-output>
          </reporter-output>
        </test-method> <!-- teardown -->
        <test-method status="PASS" signature="setup()[pri:0, instance:com.qa.tests.LoginPageTest@8bd1b6a]" name="setup" is-config="true" duration-ms="25076" started-at="2018-12-04T09:11:25Z" finished-at="2018-12-04T09:11:50Z">
          <reporter-output>
          </reporter-output>
        </test-method> <!-- setup -->
        <test-method status="PASS" signature="loginTest()[pri:3, instance:com.qa.tests.LoginPageTest@8bd1b6a]" name="loginTest" duration-ms="37370" started-at="2018-12-04T09:11:50Z" finished-at="2018-12-04T09:12:27Z">
          <reporter-output>
          </reporter-output>
        </test-method> <!-- loginTest -->
        <test-method status="PASS" signature="teardown()[pri:0, instance:com.qa.tests.LoginPageTest@8bd1b6a]" name="teardown" is-config="true" duration-ms="1053" started-at="2018-12-04T09:12:27Z" finished-at="2018-12-04T09:12:28Z">
          <reporter-output>
          </reporter-output>
        </test-method> <!-- teardown -->
      </class> <!-- com.qa.tests.LoginPageTest -->
    </test> <!-- Default test -->
  </suite> <!-- Default suite -->
</testng-results>
