<?xml version="1.0" encoding="UTF-8"?>
<testng-results skipped="0" failed="0" ignored="0" total="1" passed="1">
  <reporter-output>
  </reporter-output>
  <suite name="Default suite" duration-ms="44418" started-at="2018-11-21T11:28:50Z" finished-at="2018-11-21T11:29:34Z">
    <groups>
    </groups>
    <test name="Default test" duration-ms="44418" started-at="2018-11-21T11:28:50Z" finished-at="2018-11-21T11:29:34Z">
      <class name="com.pack1.HelloTest1">
        <test-method status="PASS" signature="facebooklaunch()[pri:0, instance:com.pack1.HelloTest1@3c756e4d]" name="facebooklaunch" duration-ms="44367" started-at="2018-11-21T11:28:50Z" finished-at="2018-11-21T11:29:34Z">
          <reporter-output>
          </reporter-output>
        </test-method> <!-- facebooklaunch -->
      </class> <!-- com.pack1.HelloTest1 -->
    </test> <!-- Default test -->
  </suite> <!-- Default suite -->
</testng-results>
