<?xml version="1.0" encoding="UTF-8"?>
<testng-results skipped="0" failed="0" ignored="0" total="7" passed="7">
  <reporter-output>
  </reporter-output>
  <suite name="s" duration-ms="21621" started-at="2018-11-21T11:16:11Z" finished-at="2018-11-21T11:16:33Z">
    <groups>
    </groups>
    <test name="t" duration-ms="21621" started-at="2018-11-21T11:16:11Z" finished-at="2018-11-21T11:16:33Z">
      <class name="com.pack1.SampleTest2">
        <test-method status="PASS" signature="testcase1()[pri:0, instance:com.pack1.SampleTest2@548b7f67]" name="testcase1" duration-ms="0" started-at="2018-11-21T11:16:11Z" finished-at="2018-11-21T11:16:11Z">
          <reporter-output>
          </reporter-output>
        </test-method> <!-- testcase1 -->
      </class> <!-- com.pack1.SampleTest2 -->
      <class name="com.pack1.SampleTest1">
        <test-method status="PASS" signature="closebrowser()[pri:0, instance:com.pack1.SampleTest1@573f2bb1]" name="closebrowser" duration-ms="31" started-at="2018-11-21T11:16:11Z" finished-at="2018-11-21T11:16:11Z">
          <reporter-output>
          </reporter-output>
        </test-method> <!-- closebrowser -->
        <test-method status="PASS" signature="launchbrowser()[pri:0, instance:com.pack1.SampleTest1@573f2bb1]" name="launchbrowser" duration-ms="0" started-at="2018-11-21T11:16:11Z" finished-at="2018-11-21T11:16:11Z">
          <reporter-output>
          </reporter-output>
        </test-method> <!-- launchbrowser -->
        <test-method status="PASS" signature="login()[pri:0, instance:com.pack1.SampleTest1@573f2bb1]" name="login" duration-ms="0" started-at="2018-11-21T11:16:11Z" finished-at="2018-11-21T11:16:11Z">
          <reporter-output>
          </reporter-output>
        </test-method> <!-- login -->
        <test-method status="PASS" signature="password()[pri:0, instance:com.pack1.SampleTest1@573f2bb1]" name="password" duration-ms="0" started-at="2018-11-21T11:16:11Z" finished-at="2018-11-21T11:16:11Z">
          <reporter-output>
          </reporter-output>
        </test-method> <!-- password -->
      </class> <!-- com.pack1.SampleTest1 -->
      <class name="com.pack2.SampleTest3">
        <test-method status="PASS" signature="testcase2()[pri:0, instance:com.pack2.SampleTest3@7ac7a4e4]" name="testcase2" duration-ms="0" started-at="2018-11-21T11:16:11Z" finished-at="2018-11-21T11:16:11Z">
          <reporter-output>
          </reporter-output>
        </test-method> <!-- testcase2 -->
      </class> <!-- com.pack2.SampleTest3 -->
      <class name="com.pack3.SampleTest4">
        <test-method status="PASS" signature="launchbrowser()[pri:0, instance:com.pack3.SampleTest4@6d78f375]" name="launchbrowser" duration-ms="21479" started-at="2018-11-21T11:16:11Z" finished-at="2018-11-21T11:16:33Z">
          <reporter-output>
          </reporter-output>
        </test-method> <!-- launchbrowser -->
      </class> <!-- com.pack3.SampleTest4 -->
    </test> <!-- t -->
  </suite> <!-- s -->
</testng-results>
